<?xml version="1.0" encoding="UTF-8"?>
<!-- Generated by org.testng.reporters.JUnitXMLReporter -->
<testsuite hostname="localhost" name="TestLoginController.create" tests="3" failures="0" timestamp="20 May 2019 08:01:43 GMT" time="2.685" errors="0">
  <testcase name="testLoginRight" time="2.359" classname="com.example.demo.Login.LoginControllerTest"/>
  <testcase name="testLoginPasswordFall" time="2.359" classname="com.example.demo.Login.LoginControllerTest"/>
  <testcase name="testLoginAccountFall" time="2.386" classname="com.example.demo.Login.LoginControllerTest"/>
</testsuite> <!-- TestLoginController.create -->
