<?xml version="1.0" encoding="UTF-8"?>
<!-- Generated by org.testng.reporters.JUnitXMLReporter -->
<testsuite hostname="localhost" name="TestLoginController.create" tests="3" failures="0" timestamp="20 May 2019 08:58:08 GMT" time="2.692" errors="0">
  <testcase name="testLoginPasswordFall" time="2.16" classname="com.example.demo.Login.LoginControllerTest"/>
  <testcase name="testLoginRight" time="2.16" classname="com.example.demo.Login.LoginControllerTest"/>
  <testcase name="testLoginAccountFall" time="2.187" classname="com.example.demo.Login.LoginControllerTest"/>
</testsuite> <!-- TestLoginController.create -->
