<?xml version="1.0" encoding="UTF-8"?>
<testng-results skipped="0" failed="0" total="3" passed="3">
  <reporter-output>
  </reporter-output>
  <suite name="suite1" duration-ms="8453" started-at="2019-05-20T06:39:28Z" finished-at="2019-05-20T06:39:37Z">
    <groups>
    </groups>
    <test name="TestLoginController.create" duration-ms="8453" started-at="2019-05-20T06:39:28Z" finished-at="2019-05-20T06:39:37Z">
      <class name="com.example.demo.Login.LoginControllerTest">
        <test-method status="PASS" signature="springTestContextBeforeTestClass()[pri:0, instance:com.example.demo.Login.LoginControllerTest@290d210d]" name="springTestContextBeforeTestClass" is-config="true" duration-ms="12" started-at="2019-05-20T14:39:28Z" finished-at="2019-05-20T14:39:28Z">
          <reporter-output>
          </reporter-output>
        </test-method> <!-- springTestContextBeforeTestClass -->
        <test-method status="PASS" signature="springTestContextPrepareTestInstance()[pri:0, instance:com.example.demo.Login.LoginControllerTest@290d210d]" name="springTestContextPrepareTestInstance" is-config="true" duration-ms="403" started-at="2019-05-20T14:39:28Z" depends-on-methods="org.springframework.test.context.testng.AbstractTestNGSpringContextTests.springTestContextBeforeTestClass" finished-at="2019-05-20T14:39:29Z">
          <reporter-output>
          </reporter-output>
        </test-method> <!-- springTestContextPrepareTestInstance -->
        <test-method status="PASS" signature="springTestContextBeforeTestMethod(java.lang.reflect.Method)[pri:0, instance:com.example.demo.Login.LoginControllerTest@290d210d]" name="springTestContextBeforeTestMethod" is-config="true" duration-ms="2" started-at="2019-05-20T14:39:29Z" finished-at="2019-05-20T14:39:29Z">
          <params>
            <param index="0">
              <value>
                <![CDATA[public void com.example.demo.Login.LoginControllerTest.testLoginAccountFall() throws java.lang.Exception]]>
              </value>
            </param>
          </params>
          <reporter-output>
          </reporter-output>
        </test-method> <!-- springTestContextBeforeTestMethod -->
        <test-method status="PASS" signature="springTestContextBeforeTestMethod(java.lang.reflect.Method)[pri:0, instance:com.example.demo.Login.LoginControllerTest@290d210d]" name="springTestContextBeforeTestMethod" is-config="true" duration-ms="2" started-at="2019-05-20T14:39:29Z" finished-at="2019-05-20T14:39:29Z">
          <params>
            <param index="0">
              <value>
                <![CDATA[public void com.example.demo.Login.LoginControllerTest.testLoginPasswordFall() throws java.lang.Exception]]>
              </value>
            </param>
          </params>
          <reporter-output>
          </reporter-output>
        </test-method> <!-- springTestContextBeforeTestMethod -->
        <test-method status="PASS" signature="testLoginPasswordFall()[pri:0, instance:com.example.demo.Login.LoginControllerTest@290d210d]" name="testLoginPasswordFall" duration-ms="2190" started-at="2019-05-20T14:39:29Z" finished-at="2019-05-20T14:39:31Z">
          <reporter-output>
          </reporter-output>
        </test-method> <!-- testLoginPasswordFall -->
        <test-method status="PASS" signature="testLoginAccountFall()[pri:0, instance:com.example.demo.Login.LoginControllerTest@290d210d]" name="testLoginAccountFall" duration-ms="2190" started-at="2019-05-20T14:39:29Z" finished-at="2019-05-20T14:39:31Z">
          <reporter-output>
          </reporter-output>
        </test-method> <!-- testLoginAccountFall -->
        <test-method status="PASS" signature="springTestContextBeforeTestMethod(java.lang.reflect.Method)[pri:0, instance:com.example.demo.Login.LoginControllerTest@290d210d]" name="springTestContextBeforeTestMethod" is-config="true" duration-ms="1" started-at="2019-05-20T14:39:29Z" finished-at="2019-05-20T14:39:29Z">
          <params>
            <param index="0">
              <value>
                <![CDATA[public void com.example.demo.Login.LoginControllerTest.testLogin() throws java.lang.Exception]]>
              </value>
            </param>
          </params>
          <reporter-output>
          </reporter-output>
        </test-method> <!-- springTestContextBeforeTestMethod -->
        <test-method status="PASS" signature="testLogin()[pri:0, instance:com.example.demo.Login.LoginControllerTest@290d210d]" name="testLogin" duration-ms="8007" started-at="2019-05-20T14:39:29Z" finished-at="2019-05-20T14:39:37Z">
          <reporter-output>
          </reporter-output>
        </test-method> <!-- testLogin -->
        <test-method status="PASS" signature="springTestContextAfterTestMethod(java.lang.reflect.Method)[pri:0, instance:com.example.demo.Login.LoginControllerTest@290d210d]" name="springTestContextAfterTestMethod" is-config="true" duration-ms="1" started-at="2019-05-20T14:39:31Z" finished-at="2019-05-20T14:39:31Z">
          <params>
            <param index="0">
              <value>
                <![CDATA[public void com.example.demo.Login.LoginControllerTest.testLoginPasswordFall() throws java.lang.Exception]]>
              </value>
            </param>
          </params>
          <reporter-output>
          </reporter-output>
        </test-method> <!-- springTestContextAfterTestMethod -->
        <test-method status="PASS" signature="springTestContextAfterTestMethod(java.lang.reflect.Method)[pri:0, instance:com.example.demo.Login.LoginControllerTest@290d210d]" name="springTestContextAfterTestMethod" is-config="true" duration-ms="1" started-at="2019-05-20T14:39:31Z" finished-at="2019-05-20T14:39:31Z">
          <params>
            <param index="0">
              <value>
                <![CDATA[public void com.example.demo.Login.LoginControllerTest.testLoginAccountFall() throws java.lang.Exception]]>
              </value>
            </param>
          </params>
          <reporter-output>
          </reporter-output>
        </test-method> <!-- springTestContextAfterTestMethod -->
        <test-method status="PASS" signature="springTestContextAfterTestMethod(java.lang.reflect.Method)[pri:0, instance:com.example.demo.Login.LoginControllerTest@290d210d]" name="springTestContextAfterTestMethod" is-config="true" duration-ms="3" started-at="2019-05-20T14:39:37Z" finished-at="2019-05-20T14:39:37Z">
          <params>
            <param index="0">
              <value>
                <![CDATA[public void com.example.demo.Login.LoginControllerTest.testLogin() throws java.lang.Exception]]>
              </value>
            </param>
          </params>
          <reporter-output>
          </reporter-output>
        </test-method> <!-- springTestContextAfterTestMethod -->
        <test-method status="PASS" signature="springTestContextAfterTestClass()[pri:0, instance:com.example.demo.Login.LoginControllerTest@290d210d]" name="springTestContextAfterTestClass" is-config="true" duration-ms="1" started-at="2019-05-20T14:39:37Z" finished-at="2019-05-20T14:39:37Z">
          <reporter-output>
          </reporter-output>
        </test-method> <!-- springTestContextAfterTestClass -->
      </class> <!-- com.example.demo.Login.LoginControllerTest -->
    </test> <!-- TestLoginController.create -->
  </suite> <!-- suite1 -->
</testng-results>
