<?xml version="1.0" encoding="UTF-8"?>
<testng-results skipped="0" failed="0" total="3" passed="3">
  <reporter-output>
  </reporter-output>
  <suite name="suite1" duration-ms="2692" started-at="2019-05-20T08:58:05Z" finished-at="2019-05-20T08:58:08Z">
    <groups>
    </groups>
    <test name="TestLoginController.create" duration-ms="2692" started-at="2019-05-20T08:58:05Z" finished-at="2019-05-20T08:58:08Z">
      <class name="com.example.demo.Login.LoginControllerTest">
        <test-method status="PASS" signature="springTestContextBeforeTestClass()[pri:0, instance:com.example.demo.Login.LoginControllerTest@4b5d6a01]" name="springTestContextBeforeTestClass" is-config="true" duration-ms="16" started-at="2019-05-20T16:58:05Z" finished-at="2019-05-20T16:58:05Z">
          <reporter-output>
          </reporter-output>
        </test-method> <!-- springTestContextBeforeTestClass -->
        <test-method status="PASS" signature="springTestContextPrepareTestInstance()[pri:0, instance:com.example.demo.Login.LoginControllerTest@4b5d6a01]" name="springTestContextPrepareTestInstance" is-config="true" duration-ms="408" started-at="2019-05-20T16:58:05Z" depends-on-methods="org.springframework.test.context.testng.AbstractTestNGSpringContextTests.springTestContextBeforeTestClass" finished-at="2019-05-20T16:58:05Z">
          <reporter-output>
          </reporter-output>
        </test-method> <!-- springTestContextPrepareTestInstance -->
        <test-method status="PASS" signature="springTestContextBeforeTestMethod(java.lang.reflect.Method)[pri:0, instance:com.example.demo.Login.LoginControllerTest@4b5d6a01]" name="springTestContextBeforeTestMethod" is-config="true" duration-ms="2" started-at="2019-05-20T16:58:05Z" finished-at="2019-05-20T16:58:05Z">
          <params>
            <param index="0">
              <value>
                <![CDATA[public void com.example.demo.Login.LoginControllerTest.testLoginRight() throws java.lang.Exception]]>
              </value>
            </param>
          </params>
          <reporter-output>
          </reporter-output>
        </test-method> <!-- springTestContextBeforeTestMethod -->
        <test-method status="PASS" signature="springTestContextBeforeTestMethod(java.lang.reflect.Method)[pri:0, instance:com.example.demo.Login.LoginControllerTest@4b5d6a01]" name="springTestContextBeforeTestMethod" is-config="true" duration-ms="2" started-at="2019-05-20T16:58:05Z" finished-at="2019-05-20T16:58:05Z">
          <params>
            <param index="0">
              <value>
                <![CDATA[public void com.example.demo.Login.LoginControllerTest.testLoginPasswordFall() throws java.lang.Exception]]>
              </value>
            </param>
          </params>
          <reporter-output>
          </reporter-output>
        </test-method> <!-- springTestContextBeforeTestMethod -->
        <test-method status="PASS" signature="testLoginRight()[pri:0, instance:com.example.demo.Login.LoginControllerTest@4b5d6a01]" name="testLoginRight" duration-ms="2160" started-at="2019-05-20T16:58:05Z" finished-at="2019-05-20T16:58:08Z">
          <reporter-output>
          </reporter-output>
        </test-method> <!-- testLoginRight -->
        <test-method status="PASS" signature="testLoginPasswordFall()[pri:0, instance:com.example.demo.Login.LoginControllerTest@4b5d6a01]" name="testLoginPasswordFall" duration-ms="2160" started-at="2019-05-20T16:58:05Z" finished-at="2019-05-20T16:58:08Z">
          <reporter-output>
          </reporter-output>
        </test-method> <!-- testLoginPasswordFall -->
        <test-method status="PASS" signature="springTestContextBeforeTestMethod(java.lang.reflect.Method)[pri:0, instance:com.example.demo.Login.LoginControllerTest@4b5d6a01]" name="springTestContextBeforeTestMethod" is-config="true" duration-ms="5" started-at="2019-05-20T16:58:05Z" finished-at="2019-05-20T16:58:05Z">
          <params>
            <param index="0">
              <value>
                <![CDATA[public void com.example.demo.Login.LoginControllerTest.testLoginAccountFall() throws java.lang.Exception]]>
              </value>
            </param>
          </params>
          <reporter-output>
          </reporter-output>
        </test-method> <!-- springTestContextBeforeTestMethod -->
        <test-method status="PASS" signature="testLoginAccountFall()[pri:0, instance:com.example.demo.Login.LoginControllerTest@4b5d6a01]" name="testLoginAccountFall" duration-ms="2187" started-at="2019-05-20T16:58:05Z" finished-at="2019-05-20T16:58:08Z">
          <reporter-output>
          </reporter-output>
        </test-method> <!-- testLoginAccountFall -->
        <test-method status="PASS" signature="springTestContextAfterTestMethod(java.lang.reflect.Method)[pri:0, instance:com.example.demo.Login.LoginControllerTest@4b5d6a01]" name="springTestContextAfterTestMethod" is-config="true" duration-ms="1" started-at="2019-05-20T16:58:08Z" finished-at="2019-05-20T16:58:08Z">
          <params>
            <param index="0">
              <value>
                <![CDATA[public void com.example.demo.Login.LoginControllerTest.testLoginRight() throws java.lang.Exception]]>
              </value>
            </param>
          </params>
          <reporter-output>
          </reporter-output>
        </test-method> <!-- springTestContextAfterTestMethod -->
        <test-method status="PASS" signature="springTestContextAfterTestMethod(java.lang.reflect.Method)[pri:0, instance:com.example.demo.Login.LoginControllerTest@4b5d6a01]" name="springTestContextAfterTestMethod" is-config="true" duration-ms="2" started-at="2019-05-20T16:58:08Z" finished-at="2019-05-20T16:58:08Z">
          <params>
            <param index="0">
              <value>
                <![CDATA[public void com.example.demo.Login.LoginControllerTest.testLoginPasswordFall() throws java.lang.Exception]]>
              </value>
            </param>
          </params>
          <reporter-output>
          </reporter-output>
        </test-method> <!-- springTestContextAfterTestMethod -->
        <test-method status="PASS" signature="springTestContextAfterTestMethod(java.lang.reflect.Method)[pri:0, instance:com.example.demo.Login.LoginControllerTest@4b5d6a01]" name="springTestContextAfterTestMethod" is-config="true" duration-ms="1" started-at="2019-05-20T16:58:08Z" finished-at="2019-05-20T16:58:08Z">
          <params>
            <param index="0">
              <value>
                <![CDATA[public void com.example.demo.Login.LoginControllerTest.testLoginAccountFall() throws java.lang.Exception]]>
              </value>
            </param>
          </params>
          <reporter-output>
          </reporter-output>
        </test-method> <!-- springTestContextAfterTestMethod -->
        <test-method status="PASS" signature="springTestContextAfterTestClass()[pri:0, instance:com.example.demo.Login.LoginControllerTest@4b5d6a01]" name="springTestContextAfterTestClass" is-config="true" duration-ms="1" started-at="2019-05-20T16:58:08Z" finished-at="2019-05-20T16:58:08Z">
          <reporter-output>
          </reporter-output>
        </test-method> <!-- springTestContextAfterTestClass -->
      </class> <!-- com.example.demo.Login.LoginControllerTest -->
    </test> <!-- TestLoginController.create -->
  </suite> <!-- suite1 -->
</testng-results>
